0
1
2
14
18
28
30
33
38
41
45
47
49
53
57
59
62
71
73
76
80
82
86
88
89
90
91
93
97
101
105
109
111
112
114
117
118
119
125
126
133
135
139
141
145
146
149
153
154
155
157
158
159
163
166
167
171
183
185
190
195
196
200
203
210
211
212
213
216
217
218
223
226
227
234
239
239
241
247
249
252
253
254
256
257
261
274
279
283
284
286
298
312
315
321
324
325
331
332
337
338
340
341
345
346
347
348
350
355
360
361
367
368
369
373
374
377
379
381
389
389
390
391
393
393
397
400
405
406
412
416
417
422
423
426
427
429
431
433
435
437
444
445
447
447
449
450
452
456
458
459
463
466
470
474
479
481
484
489
495
498
501
508
512
517
518
519
520
524
525
527
530
532
535
548
556
558
561
566
570
576
578
582
583
586
588
591
592
599
600
605
606
607
609
615
620
623
625
626
631
633
634
637
650
652
655
658
663
664
668
670
673
675
677
679
681
684
686
687
688
689
693
694
697
700
707
708
711
713
714
717
718
719
729
732
733
734
737
740
748
751
752
754
758
762
767
768
769
777
779
782
783
784
786
788
790
797
801
804
805
811
814
816
823
825
827
829
830
838
842
845
848
849
851
855
859
862
865
877
880
881
882
884
885
887
891
893
895
896
898
899
900
901
902
906
907
908
915
917
918
925
926
932
935
946
954
959
963
973
975
977
981
983
984
986
986
987
988
989
991
999
1005
1011
1012
1013
1020
1024
1025
1035
1036
1037
1039
1041
1042
1044
1048
1050
1051
1052
1063
1066
1076
1077
1079
1081
1082
1082
1088
1094
1097
1098
1106
1109
1115
1116
1117
1118
1119
1121
1123
1124
1125
1127
1128
1133
1139
1144
1148
1155
1163
1167
1171
1172
1175
1179
1183
1184
1191
1192
1193
1194
1201
1206
1208
1208
1210
1211
1212
1212
1214
1217
1218
1219
1220
1224
1224
1225
1227
1228
1229
1230
1231
1235
1236
1241
1242
1243
1246
1247
1249
1252
1259
1260
1262
1264
1274
1278
1282
1284
1286
1294
1295
1296
1301
1303
1304
1308
1311
1312
1313
1317
1322
1323
1328
1331
1335
1336
1344
1346
1347
1349
1350
1352
1358
1359
1363
1365
1366
1372
1374
1375
1376
1378
1383
1387
1390
1398
1400
1405
1412
1420
1425
1427
1440
1447
1451
1453
1456
1463
1467
1469
1471
1472
1473
1476
1481
1485
1487
1489
1490
1498
1499
1501
1508
1514
1517
1528
1534
1537
1539
1541
1543
1544
1547
1549
1556
1559
1563
1563
1564
1570
1571
1573
1576
1577
1579
1580
1581
1585
1589
1590
1592
1593
1598
1603
1605
1606
1609
1611
1615
1620
1625
1631
1636
1639
1640
1640
1641
1642
1643
1649
1651
1653
1658
1659
1660
1664
1666
1672
1672
1676
1681
1686
1687
1688
1694
1695
1697
1698
1699
1702
1703
1706
1707
1709
1725
1741
1742
1751
1752
1753
1756
1758
1762
1763
1764
1767
1769
1772
1774
1777
1778
1780
1782
1784
1786
1792
1796
1797
1799
1801
1803
1804
1805
1809
1815
1819
1823
1824
1825
1831
1833
1835
1836
1847
1848
1850
1860
1862
1863
1867
1868
1871
1873
1875
1879
1885
1888
1890
1894
1898
1901
1905
1907
1908
1910
1913
1916
1918
1923
1929
1936
1937
1939
1941
1943
1949
1950
1951
1954
1956
1957
1958
1960
1965
1967
1970
1971
1980
1981
1989
1990
1993
1998
2000
2002
2007
2009
2012
2013
2015
2018
2019
2020
2021
2022
2024
2025
2027
2029
2031
2036
2037
2041
2050
2059
2060
2062
2064
2069
2070
2086
2087
2096
2097
2100
2106
2108
2111
2125
2126
2128
2130
2132
2135
2136
2142
2144
2154
2161
2165
2176
2179
2180
2182
2185
2187
2188
2189
2191
2192
2193
2194
2196
2198
2200
2202
2203
2205
2211
2212
2217
2219
2221
2222
2230
2233
2234
2246
2246
2250
2252
2254
2255
2257
2260
2265
2267
2274
2276
2278
2278
2281
2285
2290
2292
2294
2295
2306
2307
2314
2315
2317
2318
2336
2339
2340
2341
2347
2350
2352
2353
2355
2359
2362
2364
2383
2392
2392
2393
2395
2406
2407
2408
2415
2418
2419
2420
2422
2423
2425
2426
2428
2429
2433
2437
2439
2442
2443
2444
2445
2448
2453
2457
2458
2460
2462
2464
2465
2467
2470
2473
2482
2485
2490
2494
2496
2498
2499
2503
2504
2507
2516
2520
2523
2527
2528
2537
2538
2549
2550
2554
2555
2561
2565
2568
2569
2573
2574
2575
2576
2579
2580
2582
2584
2586
2593
2600
2603
2608
2612
2615
2617
2624
2627
2628
2629
2630
2632
2633
2635
2636
2638
2640
2641
2643
2645
2650
2651
2661
2669
2673
2675
2676
2679
2680
2681
2686
2690
2691
2695
2697
2700
2707
2709
2713
2721
2726
2733
2736
2738
2739
2748
2752
2753
2757
2758
2759
2760
2768
2769
2770
2774
2775
2778
2784
2788
2789
2792
2793
2794
2796
2801
2803
2809
2810
2813
2817
2826
2833
2837
2840
2841
2844
2849
2856
2861
2862
2867
2878
2882
2893
2895
2901
2916
2930
2931
2935
2940
2943
2944
2945
2950
2951
2956
2960
2963
2965
2970
2974
2975
2976
2986
2990
2991
2992
3001
3004
3006
3009
3014
3015
3019
3021
3024
3025
3026
3027
3028
3031
3032
3042
3043
3047
3050
3053
3054
3066
3068
3069
3070
3071
3073
3079
3080
3083
3084
3085
3097
3098
3099
3103
3105
3112
3117
3118
3121
3123
3126
3129
3131
3138
3138
3139
3142
3146
3147
3152
3152
3160
3161
3167
3171
3174
3175
3179
3188
3188
3198
3203
3206
3208
3209
3214
3215
3217
3224
3228
3233
3235
3238
3243
3245
3247
3253
3257
3266
3272
3283
3294
3296
3300
3302
3306
3311
3322
3323
3324
3325
3328
3331
3333
3334
3337
3340
3345
3346
3351
3355
3358
3366
3376
3380
3382
3387
3392
3393
3396
3397
3404
3406
3407
3411
3413
3414
3420
3424
3440
3441
3444
3446
3452
3458
3463
3469
3476
3482
3484
3485
3486
3487
3491
3494
3497
3499
3500
3506
3507
3511
3513
3514
3525
3532
3535
3537
3545
3546
3548
3550
3552
3555
3557
3558
3561
3562
3567
3573
3576
3579
3584
3587
3595
3597
3599
3601
3603
3605
3608
3609
3611
3617
3618
3625
3630
3632
3637
3640
3642
3645
3647
3652
3653
3655
3657
3664
3665
3667
3668
3670
3672
3678
3680
3681
3685
3686
3688
3690
3693
3697
3700
3702
3707
3709
3711
3712
3713
3714
3716
3718
3720
3721
3722
3723
3729
3730
3731
3733
3735
3738
3744
3745
3748
3749
3750
3751
3755
3759
3760
3761
3763
3765
3768
3769
3774
3775
3778
3779
3780
3782
3783
3786
3796
3801
3805
3806
3810
3812
3815
3826
3827
3828
3836
3839
3843
3846
3846
3851
3855
3865
3866
3868
3870
3871
3871
3885
3886
3898
3899
3900
3901
3906
3910
3913
3916
3917
3918
3919
3920
3923
3924
3934
3937
3939
3945
3946
3949
3950
3956
3962
3965
3967
3971
3976
3978
3979
3983
3987
3990
3993
3996
3999
4002
4004
4012
4020
4026
4027
4030
4033
4036
4040
4044
4045
4046
4050
4056
4060
4061
4063
4064
4065
4068
4068
4071
4073
4076
4077
4079
4081
4083
4085
4086
4094
4095
4098
4104
4105
4108
4115
4117
4119
4121
4123
4125
4126
4133
4135
4136
4137
4139
4143
4146
4150
4153
4157
4158
4162
4163
4165
4166
4167
4172
4172
4173
4174
4175
4177
4183
4185
4189
4191
4193
4195
4198
4199
4204
4209
4219
4220
4226
4232
4236
4240
4242
4243
4252
4254
4255
4255
4256
4257
4259
4263
4267
4268
4270
4273
4274
4275
4282
4296
4297
4299
4301
4302
4309
4312
4313
4323
4334
4337
4339
4343
4345
4346
4352
4353
4354
4357
4359
4362
4365
4366
4367
4378
4383
4385
4387
4392
4406
4407
4410
4411
4412
4419
4427
4429
4438
4439
4440
4440
4443
4444
4445
4448
4451
4454
4455
4456
4457
4467
4471
4474
4475
4478
4484
4485
4492
4493
4496
4499
4500
4503
4506
4508
4511
4511
4512
4521
4524
4526
4527
4528
4529
4530
4531
4533
4537
4540
4541
4547
4550
4554
4555
4559
4560
4565
4570
4570
4572
4576
4586
4587
4587
4590
4592
4596
4601
4602
4604
4607
4608
4614
4617
4618
4620
4627
4628
4633
4636
4639
4644
4646
4648
4651
4653
4656
4658
4659
4660
4661
4662
4665
4681
4687
4690
4691
4691
4697
4700
4705
4708
4710
4717
4720
4723
4724
4733
4734
4738
4739
4741
4748
4758
4759
4762
4770
4779
4780
4789
4790
4793
4801
4803
4805
4807
4811
4820
4824
4828
4829
4834
4836
4844
4845
4851
4856
4857
4858
4859
4862
4864
4865
4866
4868
4872
4873
4875
4877
4879
4890
4893
4896
4897
4899
4900
4902
4921
4925
4926
4937
4939
4942
4942
4947
4956
4961
4966
4969
4970
4974
4977
4981
4983
4989
4996
4997
5001
5006
5013
5014
5015
5018
5019
5022
5022
5025
5029
5034
5035
5036
5041
5042
5043
5044
5048
5052
5053
5054
5060
5062
5073
5078
5081
5084
5085
5090
5091
5100
5103
5104
5109
5114
5115
5123
5130
5132
5134
5135
5143
5148
5152
5157
5158
5159
5160
5164
5169
5170
5171
5173
5176
5183
5192
5194
5195
5199
5200
5205
5214
5217
5219
5221
5223
5230
5235
5237
5242
5248
5249
5250
5254
5256
5261
5263
5269
5270
5271
5279
5282
5283
5296
5298
5302
5315
5317
5320
5323
5324
5325
5329
5330
5331
5336
5336
5340
5343
5347
5349
5350
5351
5352
5359
5361
5363
5364
5366
5366
5374
5383
5387
5390
5395
5400
5407
5408
5409
5416
5419
5420
5427
5432
5434
5437
5439
5440
5441
5442
5444
5446
5448
5449
5451
5452
5459
5460
5461
5462
5468
5473
5477
5478
5479
5483
5484
5488
5496
5499
5501
5506
5515
5516
5519
5534
5538
5546
5552
5556
5557
5559
5568
5569
5571
5574
5576
5578
5579
5584
5585
5587
5590
5605
5615
5617
5619
5624
5625
5628
5636
5640
5641
5642
5644
5646
5653
5656
5657
5665
5670
5673
5684
5685
5686
5687
5696
5698
5701
5702
5704
5707
5711
5715
5721
5724
5725
5728
5729
5730
5731
5732
5733
5741
5743
5747
5748
5751
5757
5759
5761
5763
5768
5769
5772
5774
5775
5778
5787
5791
5794
5795
5797
5804
5805
5806
5808
5809
5810
5812
5815
5826
5827
5836
5839
5839
5843
5844
5845
5847
5849
5852
5854
5855
5856
5857
5862
5864
5866
5870
5871
5873
5875
5877
5881
5883
5884
5886
5890
5899
5907
5912
5913
5915
5916
5917
5918
5918
5919
5921
5927
5933
5939
5945
5949
5950
5951
5952
5954
5956
5957
5963
5969
5973
5974
5975
5977
5982
5983
5986
5987
5992
5994
5996
5998
6001
6008
6011
6016
6017
6019
6024
6033
6034
6037
6039
6041
6042
6053
6057
6061
6063
6066
6068
6069
6072
6073
6081
6083
6084
6090
6091
6092
6099
6104
6104
6110
6113
6115
6116
6118
6119
6122
6124
6125
6130
6133
6134
6137
6140
6143
6144
6145
6146
6147
6149
6150
6151
6151
6157
6161
6166
6172
6172
6177
6184
6185
6187
6190
6193
6200
6206
6208
6209
6213
6214
6215
6220
6227
6228
6232
6239
6242
6244
6246
6248
6254
6255
6256
6256
6260
6261
6262
6267
6269
6273
6278
6279
6289
6295
6297
6298
6300
6310
6311
6317
6320
6323
6326
6327
6329
6333
6334
6345
6346
6353
6356
6357
6358
6359
6367
6368
6370
6372
6379
6380
6385
6385
6386
6387
6388
6391
6393
6396
6398
6401
6405
6409
6410
6411
6414
6415
6419
6429
6431
6433
6435
6438
6442
6443
6456
6461
6463
6467
6469
6470
6472
6473
6474
6480
6482
6483
6486
6490
6497
6498
6499
6501
6503
6506
6509
6514
6517
6520
6526
6533
6535
6536
6538
6539
6541
6542
6543
6548
6552
6555
6558
6562
6572
6573
6575
6576
6585
6591
6592
6594
6598
6600
6607
6608
6609
6610
6613
6618
6623
6624
6627
6628
6632
6637
6639
6640
6645
6646
6648
6654
6656
6658
6659
6664
6665
6669
6671
6674
6675
6677
6681
6682
6685
6687
6690
6695
6696
6697
6699
6703
6704
6706
6716
6717
6718
6725
6726
6728
6729
6730
6733
6734
6737
6740
6747
6748
6754
6754
6757
6760
6773
6788
6791
6801
6806
6807
6811
6812
6817
6822
6825
6826
6832
6834
6846
6852
6855
6861
6863
6869
6872
6873
6880
6883
6885
6886
6895
6896
6897
6899
6900
6902
6903
6904
6906
6912
6913
6917
6918
6919
6920
6922
6929
6932
6935
6937
6939
6943
6944
6945
6946
6947
6951
6952
6955
6957
6962
6972
6973
6976
6977
6977
6979
6981
6985
6988
6992
6993
6994
6997
7002
7005
7009
7010
7028
7030
7032
7034
7041
7047
7051
7052
7056
7057
7059
7063
7064
7066
7071
7075
7086
7091
7093
7096
7097
7105
7106
7107
7110
7112
7113
7116
7117
7123
7125
7132
7135
7148
7150
7154
7155
7156
7157
7159
7160
7171
7176
7183
7187
7188
7190
7197
7201
7203
7204
7213
7216
7218
7219
7220
7222
7231
7233
7234
7238
7239
7241
7243
7244
7251
7253
7255
7256
7257
7264
7267
7273
7274
7276
7276
7278
7281
7284
7285
7286
7289
7290
7291
7292
7297
7298
7299
7301
7305
7309
7310
7314
7320
7323
7327
7329
7331
7334
7337
7341
7347
7349
7351
7359
7360
7367
7371
7374
7376
7378
7380
7381
7382
7383
7385
7390
7391
7393
7394
7397
7400
7406
7417
7422
7423
7434
7435
7436
7438
7439
7445
7446
7447
7451
7457
7457
7460
7461
7466
7470
7471
7472
7473
7474
7477
7480
7481
7482
7488
7489
7490
7499
7502
7504
7504
7506
7507
7508
7514
7519
7521
7523
7526
7533
7535
7537
7545
7547
7548
7551
7553
7556
7559
7560
7564
7570
7571
7573
7582
7591
7598
7604
7606
7609
7615
7619
7622
7627
7635
7636
7638
7644
7650
7654
7655
7659
7663
7664
7671
7672
7674
7675
7676
7676
7688
7689
7695
7696
7700
7703
7704
7717
7718
7724
7727
7730
7733
7736
7745
7749
7751
7752
7753
7756
7758
7760
7766
7767
7771
7782
7794
7803
7805
7806
7813
7815
7821
7824
7825
7826
7839
7840
7842
7846
7856
7857
7858
7859
7862
7863
7864
7866
7869
7870
7870
7878
7888
7890
7897
7898
7901
7902
7904
7911
7915
7918
7922
7933
7937
7941
7942
7943
7944
7945
7949
7956
7963
7966
7974
7977
7981
7982
7989
7990
7994
7998
8000
8004
8015
8016
8019
8021
8025
8027
8034
8044
8051
8052
8053
8054
8064
8067
8068
8069
8070
8071
8076
8080
8084
8089
8091
8093
8095
8096
8099
8100
8101
8102
8110
8113
8115
8117
8118
8119
8120
8129
8139
8141
8142
8146
8146
8153
8154
8157
8162
8163
8163
8169
8170
8171
8179
8180
8183
8184
8189
8193
8195
8197
8201
8206
8207
8210
8212
8213
8215
8217
8219
8222
8223
8225
8226
8227
8228
8229
8236
8239
8240
8258
8260
8262
8266
8269
8275
8277
8282
8297
8298
8300
8301
8302
8305
8306
8312
8318
8320
8328
8333
8336
8339
8340
8343
8346
8347
8348
8349
8359
8360
8363
8368
8369
8372
8374
8381
8384
8385
8388
8389
8390
8391
8393
8394
8399
8400
8409
8420
8423
8431
8434
8438
8443
8445
8450
8453
8454
8460
8464
8466
8470
8476
8482
8483
8484
8489
8492
8493
8497
8504
8505
8512
8519
8523
8526
8531
8533
8545
8548
8549
8550
8552
8555
8564
8566
8571
8577
8579
8581
8583
8584
8585
8586
8589
8595
8596
8597
8598
8602
8604
8605
8607
8614
8616
8621
8625
8626
8628
8629
8631
8640
8643
8645
8646
8648
8649
8650
8654
8657
8658
8660
8662
8663
8675
8676
8681
8684
8692
8693
8700
8703
8710
8726
8728
8732
8738
8741
8743
8744
8751
8753
8757
8761
8764
8765
8766
8770
8776
8779
8779
8780
8788
8791
8796
8797
8803
8804
8809
8811
8812
8814
8815
8817
8828
8831
8833
8843
8844
8845
8847
8849
8851
8854
8854
8856
8859
8863
8865
8872
8873
8875
8876
8878
8883
8890
8894
8895
8896
8897
8898
8900
8902
8905
8908
8913
8915
8920
8925
8926
8930
8932
8936
8939
8941
8942
8943
8951
8952
8953
8959
8960
8965
8966
8968
8970
8976
8982
8986
8988
8991
8993
8996
9004
9005
9007
9009
9010
9013
9014
9016
9019
9026
9032
9038
9039
9040
9040
9043
9057
9060
9060
9061
9064
9065
9068
9071
9074
9076
9078
9082
9083
9084
9088
9094
9097
9100
9102
9106
9110
9119
9123
9129
9133
9134
9135
9138
9141
9144
9147
9148
9151
9157
9162
9163
9165
9175
9176
9178
9179
9182
9197
9198
9199
9202
9206
9207
9208
9210
9214
9218
9223
9224
9228
9230
9231
9232
9237
9238
9240
9241
9243
9244
9245
9255
9255
9257
9260
9262
9265
9266
9269
9275
9277
9279
9283
9285
9285
9286
9287
9289
9293
9298
9299
9302
9304
9306
9309
9310
9311
9312
9313
9318
9319
9320
9326
9328
9330
9333
9338
9344
9349
9350
9351
9360
9362
9366
9372
9376
9379
9380
9385
9389
9392
9392
9398
9400
9401
9413
9416
9421
9425
9432
9435
9436
9440
9441
9445
9450
9458
9460
9465
9466
9471
9483
9485
9489
9494
9499
9505
9507
9512
9515
9520
9527
9531
9533
9536
9541
9547
9551
9552
9553
9555
9565
9566
9569
9570
9573
9587
9588
9589
9595
9599
9600
9606
9608
9612
9613
9616
9621
9623
9628
9635
9636
9642
9652
9660
9662
9666
9667
9668
9669
9670
9677
9678
9679
9681
9688
9691
9693
9703
9708
9709
9713
9719
9721
9722
9723
9732
9735
9739
9743
9746
9747
9750
9755
9757
9758
9763
9764
9766
9767
9775
9776
9778
9781
9787
9790
9797
9804
9805
9813
9814
9820
9823
9825
9829
9833
9836
9838
9841
9847
9850
9853
9862
9866
9869
9870
9873
9874
9875
9887
9890
9891
9899
9900
9901
9903
9904
9905
9906
9909
9910
9911
9919
9923
9924
9930
9934
9935
9936
9937
9939
9943
9946
9958
9968
9971
9974
9975
9977
9978
9984
9985
9991
9992
9995
9996
9997
9998
10000
10006
10008
10009
10010
10013
10015
10018
10022
10025
10026
10029
10032
10034
10045
10045
10051
10053
10054
10055
10057
10065
10069
10075
10078
10089
10091
10093
10095
10101
10105
10106
10110
10112
10114
10116
10124
10125
10126
10128
10138
10142
10144
10149
10150
10153
10154
10158
10160
10160
10164
10165
10167
10168
10175
10176
10178
10180
10183
10186
10201
10203
10207
10209
10210
10214
10219
10220
10224
10226
10231
10233
10234
10235
10236
10241
10247
10247
10248
10252
10254
10256
10260
10264
10272
10273
10274
10276
10278
10287
10293
10295
10296
10299
10306
10307
10312
10327
10328
10331
10332
10333
10334
10341
10342
10346
10350
10353
10354
10362
10363
10366
10367
10369
10371
10372
10376
10377
10379
10382
10383
10384
10395
10399
10403
10407
10410
10412
10414
10416
10418
10420
10422
10435
10438
10442
10445
10449
10451
10456
10460
10463
10465
10470
10471
10479
10488
10496
10497
10502
10503
10514
10519
10524
10536
10537
10538
10538
10540
10541
10544
10546
10555
10559
10564
10575
10580
10582
10587
10592
10598
10600
10602
10603
10605
10610
10614
10615
10618
10621
10622
10625
10626
10627
10628
10631
10637
10640
10643
10647
10649
10654
10656
10663
10664
10668
10671
10673
10680
10688
10690
10691
10692
10698
10701
10703
10711
10715
10718
10727
10729
10732
10733
10740
10748
10749
10749
10753
10759
10761
10762
10765
10770
10775
10776
10777
10780
10782
10798
10799
10800
10806
10808
10810
10811
10813
10815
10822
10822
10823
10823
10824
10827
10827
10830
10838
10844
10850
10860
10865
10866
10870
10873
10874
10876
10879
10881
10882
10893
10894
10896
10897
10901
10905
10906
10908
10910
10913
10915
10917
10921
10922
10923
10925
10928
10932
10933
10945
10949
10951
10958
10969
10970
10972
10973
10976
10981
10983
10987
10995
11000
11006
11009
11015
11018
11020
11024
11031
11033
11034
11035
11037
11041
11045
11049
11052
11055
11057
11064
11067
11076
11077
11083
11084
11089
11090
11092
11094
11105
11110
11111
11113
11114
11116
11119
11122
11123
11124
11125
11126
11129
11136
11140
11148
11150
11156
11157
11160
11161
11169
11170
11172
11175
11181
11183
11186
11187
11188
11193
11196
11202
11203
11208
11215
11216
11224
11226
11230
11231
11232
11235
11236
11250
11252
11254
11256
11256
11260
11268
11269
11270
11271
11277
11282
11283
11285
11290
11291
11292
11295
11296
11297
11301
11316
11317
11318
11323
11327
11328
11329
11331
11334
11338
11340
11343
11347
11353
11356
11357
11358
11362
11364
11365
11366
11375
11377
11378
11382
11390
11394
11396
11399
11403
11408
11409
11416
11417
11421
11422
11423
11426
11427
11428
11431
11437
11439
11440
11446
11447
11450
11451
11453
11455
11458
11462
11464
11470
11471
11473
11475
11477
11479
11485
11487
11489
11490
11493
11498
11500
11509
11509
11510
11512
11521
11523
11525
11529
11531
11533
11534
11567
11568
11573
11575
11577
11578
11580
11587
11588
11592
11592
11593
11599
11601
11602
11603
11606
11608
11618
11628
11632
11635
11640
11641
11642
11642
11647
11649
11654
11655
11657
11658
11659
11660
11662
11665
11676
11677
11678
11683
11686
11687
11689
11690
11693
11702
11705
11709
11712
11713
11716
11722
11723
11724
11727
11736
11748
11750
11751
11757
11758
11768
11773
11775
11780
11783
11786
11787
11789
11790
11791
11791
11795
11798
11802
11802
11809
11813
11814
11817
11820
11823
11826
11827
11828
11829
11832
11833
11835
11839
11840
11844
11848
11853
11856
11862
11865
11869
11870
11877
11880
11891
11892
11893
11899
11905
11909
11912
11914
11917
11924
11925
11929
11930
11932
11935
11943
11948
11950
11952
11955
11956
11957
11958
11960
11965
11966
11967
11968
11970
11971
11976
11978
11979
11979
11981
11982
11983
11984
11993
11996
11998
11999
12008
12012
12013
12020
12023
12029
12030
12031
12035
12036
12039
12044
12049
12052
12054
12055
12058
12060
12063
12064
12065
12067
12070
12071
12073
12081
12082
12087
12089
12098
12100
12103
12116
12117
12119
12120
12121
12124
12130
12132
12133
12137
12138
12139
12140
12141
12143
12144
12150
12154
12158
12161
12165
12167
12173
12180
12181
12182
12193
12196
12197
12200
12203
12207
12209
12211
12215
12216
12225
12229
12230
12231
12232
12233
12236
12240
12241
12242
12243
12244
12245
12245
12246
12248
12249
12255
12256
12257
12258
12262
12264
12265
12272
12274
12279
12280
12281
12290
12296
12301
12302
12306
12308
12311
12312
12323
12325
12326
12328
12335
12336
12338
12340
12347
12348
12349
12351
12352
12359
12360
12362
12363
12366
12369
12370
12371
12376
12380
12390
12391
12395
12396
12398
12400
12401
12405
12408
12410
12412
12425
12432
12433
12434
12438
12442
12449
12450
12453
12455
12456
12459
12460
12470
12479
12480
12484
12485
12486
12492
12496
12499
12500
12502
12504
12506
12512
12514
12518
12521
12524
12525
12533
12536
12544
12545
12548
12551
12553
12555
12565
12567
12579
12580
12583
12584
12586
12589
12598
12602
12603
12606
12607
12608
12613
12617
12621
12622
12629
12634
12637
12639
12642
12646
12647
12649
12652
12660
12661
12662
12664
12664
12668
12671
12673
12679
12683
12686
12690
12693
12694
12698
12709
12711
12712
12714
12716
12725
12726
12727
12732
12736
12750
12752
12759
12764
12766
12769
12770
12772
12773
12775
12778
12780
12782
12784
12785
12789
12795
12797
12800
12802
12804
12806
12811
12813
12814
12817
12826
12829
12830
12832
12834
12835
12840
12841
12842
12844
12845
12846
12849
12852
12854
12856
12857
12858
12863
12864
12869
12871
12873
12874
12876
12884
12886
12887
12892
12904
12912
12915
12922
12923
12926
12928
12930
12932
12935
12936
12940
12942
12944
12946
12954
12977
12981
12981
12982
12986
12987
12988
12992
13000
13002
13008
13009
13012
13018
13019
13020
13023
13027
13029
13032
13035
13036
13040
13041
13052
13055
13065
13067
13070
13071
13072
13076
13079
13081
13082
13083
13085
13088
13091
13092
13093
13098
13099
13100
13101
13102
13105
13109
13110
13111
13118
13121
13129
13130
13131
13132
13135
13142
13144
13146
13147
13151
13152
13154
13158
13160
13166
13167
13171
13174
13175
13178
13179
13181
13185
13185
13192
13197
13198
13203
13211
13221
13222
13224
13227
13228
13230
13233
13234
13236
13242
13244
13245
13250
13251
13252
13253
13269
13272
13275
13276
13278
13278
13282
13284
13285
13289
13292
13299
13302
13304
13308
13310
13312
13313
13315
13317
13319
13319
13320
13321
13322
13324
13338
13339
13344
13348
13350
13354
13365
13368
13369
13371
13373
13375
13376
13380
13381
13388
13390
13392
13399
13404
13406
13409
13410
13412
13413
13417
13420
13421
13426
13427
13428
13430
13433
13435
13437
13439
13441
13446
13447
13449
13452
13458
13465
13469
13471
13472
13473
13474
13475
13477
13479
13481
13482
13484
13486
13488
13492
13493
13496
13497
13500
13503
13508
13512
13514
13521
13523
13529
13532
13538
13538
13540
13541
13543
13544
13547
13548
13552
13553
13557
13570
13572
13573
13575
13576
13579
13587
13588
13591
13596
13597
13600
13601
13603
13604
13606
13611
13612
13613
13615
13618
13619
13631
13637
13643
13650
13651
13652
13655
13657
13663
13667
13669
13674
13680
13681
13682
13684
13685
13688
13690
13694
13697
13698
13703
13705
13709
13709
13710
13716
13717
13718
13719
13724
13727
13729
13732
13737
13739
13746
13751
13753
13755
13757
13759
13762
13765
13781
13783
13785
13788
13789
13794
13796
13797
13801
13803
13807
13812
13816
13819
13822
13823
13824
13829
13832
13834
13835
13840
13843
13845
13849
13860
13864
13867
13870
13873
13886
13891
13894
13905
13907
13909
13910
13913
13915
13925
13929
13930
13935
13941
13943
13951
13958
13959
13961
13963
13964
13968
13969
13971
13973
13974
13980
13981
13985
13997
13999
14001
14002
14014
14015
14019
14024
14024
14025
14026
14033
14040
14041
14046
14048
14050
14054
14056
14056
14060
14065
14069
14081
14084
14086
14089
14092
14096
14099
14101
14109
14113
14114
14119
14123
14131
14134
14134
14135
14152
14154
14156
14165
14170
14171
14178
14189
14191
14192
14197
14199
14200
14201
14207
14208
14209
14210
14215
14217
14218
14219
14221
14224
14225
14227
14228
14230
14235
14247
14249
14249
14250
14254
14255
14256
14264
14266
14268
14273
14276
14277
14279
14281
14283
14287
14290
14291
14303
14307
14311
14316
14319
14320
14324
14326
14329
14331
14340
14345
14347
14367
14371
14372
14374
14376
14387
14388
14389
14390
14397
14403
14408
14410
14414
14418
14419
14420
14421
14422
14424
14427
14429
14430
14436
14443
14445
14449
14450
14451
14452
14455
14455
14456
14457
14458
14466
14473
14476
14478
14485
14488
14489
14491
14494
14495
14503
14504
14505
14509
14510
14513
14515
14516
14522
14525
14529
14533
14544
14550
14552
14553
14554
14555
14560
14563
14564
14571
14577
14578
14579
14580
14584
14585
14586
14591
14592
14597
14602
14609
14615
14616
14617
14619
14621
14625
14631
14632
14634
14637
14642
14644
14645
14659
14666
14667
14673
14680
14682
14684
14686
14688
14690
14692
14695
14698
14699
14701
14710
14712
14723
14725
14733
14734
14735
14736
14738
14741
14742
14743
14749
14751
14752
14754
14756
14760
14769
14770
14775
14778
14783
14784
14787
14788
14789
14791
14792
14797
14799
14800
14807
14818
14820
14822
14840
14841
14842
14853
14856
14860
14867
14868
14871
14873
14875
14878
14880
14882
14893
14894
14896
14900
14902
14904
14909
14911
14912
14913
14916
14918
14919
14927
14932
14936
14941
14943
14944
14945
14946
14947
14950
14952
14955
14960
14961
14963
14965
14969
14971
14972
14975
14978
14979
14980
14982
14986
14987
14988
14994
14997
15000
15000
15001
15003
15009
15010
15016
15017
15020
15027
15028
15029
15032
15034
15035
15040
15041
15044
15047
15048
15049
15051
15052
15055
15056
15060
15062
15069
15070
15071
15073
15078
15079
15081
15084
15085
15086
15096
15100
15101
15102
15105
15106
15112
15115
15121
15122
15124
15129
15134
15140
15141
15143
15150
15157
15158
15160
15162
15163
15164
15168
15175
15177
15180
15182
15189
15193
15200
15206
15209
15210
15215
15222
15223
15224
15227
15228
15229
15237
15238
15239
15243
15245
15246
15250
15251
15252
15254
15257
15263
15272
15275
15277
15287
15290
15291
15292
15293
15294
15297
15299
15310
15312
15313
15314
15315
15316
15318
15321
15331
15333
15337
15342
15348
15355
15364
15368
15372
15374
15375
15380
15387
15391
15392
15395
15404
15405
15406
15407
15408
15410
15412
15417
15418
15418
15419
15420
15421
15423
15427
15428
15429
15433
15434
15436
15439
15443
15446
15448
15450
15456
15460
15462
15467
15474
15475
15486
15488
15492
15501
15503
15504
15507
15510
15512
15515
15516
15521
15528
15533
15534
15536
15536
15542
15544
15547
15550
15556
15559
15561
15564
15568
15569
15575
15576
15582
15583
15584
15589
15594
15605
15606
15608
15609
15611
15612
15615
15618
15620
15629
15641
15645
15646
15649
15655
15659
15667
15670
15673
15674
15681
15691
15694
15699
15711
15712
15713
15715
15717
15722
15724
15725
15727
15728
15731
15737
15745
15746
15748
15749
15750
15752
15758
15770
15771
15774
15777
15784
15785
15786
15787
15788
15797
15801
15806
15809
15812
15814
15823
15827
15835
15839
15839
15841
15843
15844
15845
15846
15854
15859
15860
15862
15864
15865
15871
15872
15876
15879
15882
15883
15884
15886
15887
15888
15892
15893
15896
15906
15907
15911
15913
15917
15918
15919
15921
15924
15925
15927
15929
15933
15937
15938
15941
15942
15954
15955
15958
15960
15962
15964
15968
15969
15979
15981
15983
15983
15991
15991
15993
15996
15998
16001
16005
16015
16016
16017
16018
16026
16030
16036
16040
16041
16042
16043
16044
16045
16048
16051
16053
16056
16058
16061
16064
16067
16068
16070
16072
16076
16081
16083
16084
16093
16094
16101
16104
16108
16110
16111
16115
16118
16123
16125
16127
16129
16136
16138
16141
16145
16148
16150
16157
16159
16163
16164
16174
16176
16178
16179
16180
16181
16182
16184
16193
16195
16196
16198
16199
16201
16204
16219
16221
16224
16226
16227
16232
16234
16235
16239
16240
16242
16245
16247
16251
16257
16258
16262
16264
16267
16272
16280
16284
16285
16291
16296
16301
16304
16305
16306
16308
16311
16313
16314
16315
16316
16318
16324
16327
16330
16331
16332
16334
16336
16338
16347
16352
16354
16355
16356
16365
16366
16367
16369
16376
16377
16388
16391
16394
16396
16401
16402
16407
16408
16410
16414
16415
16417
16419
16421
16422
16430
16440
16442
16445
16446
16449
16454
16456
16457
16459
16462
16463
16466
16475
16476
16477
16478
16480
16484
16485
16489
16495
16495
16496
16498
16499
16503
16505
16510
16512
16513
16517
16518
16520
16520
16522
16523
16526
16534
16541
16542
16543
16545
16547
16550
16557
16561
16573
16577
16582
16585
16588
16590
16591
16592
16594
16595
16601
16613
16615
16618
16621
16628
16629
16633
16640
16644
16645
16650
16654
16657
16658
16659
16659
16660
16664
16665
16667
16671
16672
16687
16689
16692
16695
16697
16706
16707
16709
16712
16715
16718
16724
16726
16730
16733
16736
16739
16743
16744
16750
16751
16753
16756
16758
16759
16764
16768
16772
16773
16776
16777
16778
16779
16780
16783
16795
16797
16806
16808
16809
16816
16820
16824
16834
16838
16841
16844
16847
16848
16848
16853
16855
16858
16861
16863
16864
16865
16866
16867
16868
16869
16870
16877
16878
16888
16890
16891
16893
16897
16910
16915
16916
16924
16925
16935
16936
16941
16941
16948
16952
16954
16957
16960
16963
16965
16971
16974
16983
16993
16995
17000
17008
17010
17011
17015
17019
17021
17023
17026
17032
17036
17037
17039
17040
17041
17043
17046
17048
17051
17054
17056
17060
17061
17062
17063
17064
17065
17068
17074
17076
17087
17088
17092
17096
17098
17100
17104
17110
17111
17118
17120
17123
17128
17132
17134
17137
17140
17141
17143
17144
17145
17146
17149
17152
17155
17160
17163
17166
17167
17168
17169
17171
17174
17175
17180
17186
17196
17197
17199
17201
17202
17204
17210
17219
17219
17220
17222
17223
17227
17233
17236
17238
17242
17244
17246
17247
17249
17252
17253
17259
17262
17272
17275
17276
17287
17287
17290
17291
17292
17295
17297
17299
17300
17301
17306
17311
17314
17321
17324
17332
17334
17335
17337
17345
17349
17357
17359
17367
17370
17379
17381
17384
17386
17389
17394
17397
17400
17406
17407
17408
17411
17413
17414
17415
17416
17418
17425
17427
17430
17435
17438
17443
17445
17451
17453
17456
17457
17462
17463
17464
17465
17466
17468
17473
17477
17478
17479
17482
17484
17485
17487
17490
17502
17506
17508
17509
17516
17522
17524
17535
17544
17547
17551
17553
17555
17559
17562
17563
17571
17574
17575
17576
17579
17585
17588
17589
17594
17596
17602
17606
17609
17616
17619
17624
17625
17628
17630
17632
17636
17639
17640
17641
17644
17649
17652
17657
17659
17660
17666
17671
17674
17678
17686
17687
17690
17692
17694
17705
17711
17714
17718
17723
17726
17728
17729
17732
17740
17741
17747
17748
17758
17762
17763
17768
17768
17770
17772
17774
17776
17785
17787
17788
17792
17799
17801
17812
17816
17826
17835
17839
17840
17845
17849
17852
17853
17858
17862
17863
17863
17864
17871
17872
17876
17877
17879
17884
17888
17892
17894
17898
17902
17908
17909
17914
17917
17919
17920
17921
17923
17927
17929
17931
17936
17939
17940
17941
17947
17948
17951
17955
17957
17958
17960
17961
17963
17964
17966
17967
17969
17971
17976
17977
17978
17982
17983
17988
17989
17991
17995
17998
17999
18000
18001
18004
18004
18008
18017
18023
18024
18026
18027
18030
18033
18034
18035
18036
18038
18039
18040
18047
18048
18050
18054
18057
18059
18069
18072
18078
18080
18093
18095
18098
18106
18109
18113
18117
18118
18120
18127
18128
18129
18133
18135
18138
18138
18140
18153
18161
18162
18166
18168
18169
18169
18171
18172
18173
18175
18176
18178
18180
18183
18184
18185
18189
18191
18193
18196
18197
18200
18201
18205
18207
18208
18209
18211
18212
18214
18217
18218
18222
18223
18226
18229
18234
18235
18237
18242
18245
18264
18265
18271
18273
18274
18275
18276
18278
18279
18284
18290
18296
18301
18307
18311
18316
18317
18318
18323
18326
18327
18331
18336
18337
18342
18343
18348
18349
18352
18353
18356
18358
18359
18363
18367
18368
18371
18373
18376
18382
18384
18390
18393
18395
18398
18400
18403
18409
18415
18418
18421
18423
18425
18427
18434
18436
18438
18439
18442
18448
18449
18452
18454
18458
18462
18464
18468
18474
18475
18479
18481
18483
18484
18484
18489
18493
18497
18498
18501
18503
18505
18509
18516
18520
18524
18529
18530
18531
18532
18543
18556
18557
18558
18559
18561
18566
18567
18568
18578
18579
18579
18584
18585
18598
18600
18602
18603
18607
18612
18613
18614
18616
18617
18624
18628
18637
18640
18647
18653
18657
18660
18669
18670
18671
18677
18681
18682
18683
18685
18688
18695
18698
18704
18708
18710
18711
18718
18724
18725
18729
18733
18737
18741
18751
18755
18756
18757
18758
18763
18766
18771
18771
18778
18780
18785
18787
18790
18791
18794
18800
18801
18802
18804
18808
18814
18815
18815
18824
18826
18842
18843
18844
18847
18848
18849
18850
18851
18852
18852
18855
18857
18860
18861
18862
18868
18874
18875
18884
18889
18890
18891
18892
18894
18897
18901
18902
18905
18908
18911
18912
18913
18920
18921
18926
18927
18928
18929
18932
18933
18937
18943
18946
18949
18951
18953
18954
18956
18957
18959
18962
18967
18968
18975
18976
18979
18988
18989
18990
18993
18997
19003
19005
19006
19016
19018
19022
19023
19025
19028
19032
19041
19051
19053
19058
19072
19073
19074
19076
19078
19082
19086
19087
19088
19097
19098
19099
19104
19109
19113
19115
19118
19125
19127
19128
19130
19132
19137
19139
19145
19147
19148
19150
19155
19157
19159
19160
19170
19172
19174
19175
19176
19177
19177
19178
19179
19182
19184
19187
19192
19198
19199
19201
19204
19205
19206
19210
19212
19215
19221
19223
19226
19229
19230
19232
19233
19234
19235
19239
19240
19242
19243
19247
19251
19252
19252
19256
19258
19260
19263
19266
19267
19268
19274
19276
19282
19283
19284
19287
19293
19297
19301
19310
19311
19320
19323
19327
19330
19331
19332
19352
19355
19356
19359
19361
19366
19369
19370
19372
19374
19375
19376
19379
19385
19387
19389
19390
19394
19395
19396
19399
19405
19406
19408
19409
19415
19417
19421
19433
19435
19438
19440
19443
19458
19459
19464
19476
19477
19477
19478
19480
19482
19484
19484
19486
19488
19490
19492
19499
19501
19502
19504
19510
19514
19515
19521
19527
19535
19544
19551
19552
19555
19564
19567
19570
19572
19574
19576
19579
19581
19584
19594
19597
19600
19603
19605
19611
19615
19618
19621
19625
19626
19627
19631
19638
19641
19643
19644
19646
19653
19655
19656
19659
19661
19662
19663
19664
19672
19684
19691
19693
19697
19704
19713
19718
19719
19727
19730
19733
19733
19742
19744
19745
19746
19751
19754
19755
19757
19760
19766
19767
19768
19770
19771
19772
19774
19779
19781
19787
19788
19790
19792
19793
19795
19796
19798
19803
19805
19807
19808
19809
19810
19812
19815
19818
19820
19824
19830
19836
19848
19851
19853
19855
19857
19859
19860
19867
19869
19871
19872
19875
19876
19881
19886
19888
19892
19904
19905
19910
19912
19915
19917
19919
19920
19921
19923
19924
19926
19931
19932
19935
19936
19943
19947
19952
19953
19956
19959
19961
19963
19965
19966
19967
19968
19972
19973
19977
19978
19979
19985
19989
19991
19992
19994
20004
20018
20019
20020
20022
20025
20027
20029
20034
20036
20042
20043
20048
20052
20057
20058
20061
20068
20070
20080
20082
20083
20088
20092
20093
20098
20099
20100
20101
20105
20113
20115
20118
20122
20143
20158
20159
20165
20173
20178
20194
20199
20200
20202
20204
20205
20211
20213
20215
20218
20219
20221
20226
20228
20230
20235
20241
20246
20247
20250
20252
20253
20253
20254
20256
20263
20265
20267
20273
20276
20278
20279
20280
20285
20287
20292
20294
20299
20305
20308
20314
20315
20316
20322
20326
20329
20342
20343
20344
20345
20346
20352
20356
20357
20362
20363
20367
20369
20370
20371
20378
20382
20383
20385
20386
20395
20396
20396
20397
20401
20402
20404
20405
20408
20413
20417
20419
20424
20429
20433
20436
20438
20438
20440
20442
20450
20454
20455
20463
20463
20464
20465
20466
20472
20473
20475
20480
20481
20487
20488
20493
20496
20500
20501
20502
20503
20511
20512
20514
20516
20517
20528
20529
20536
20542
20548
20549
20550
20553
20554
20559
20561
20564
20565
20568
20571
20574
20576
20579
20582
20594
20596
20597
20598
20599
20601
20608
20618
20630
20632
20636
20640
20641
20646
20647
20651
20655
20660
20661
20662
20663
20667
20669
20670
20674
20679
20680
20682
20684
20685
20688
20695
20698
20698
20701
20704
20709
20710
20711
20718
20723
20724
20726
20728
20729
20731
20733
20733
20740
20741
20744
20746
20750
20752
20758
20766
20767
20769
20771
20773
20775
20778
20781
20782
20784
20789
20791
20794
20801
20803
20804
20813
20820
20828
20828
20838
20839
20840
20846
20847
20854
20860
20861
20865
20871
20876
20878
20883
20885
20887
20892
20894
20895
20905
20907
20908
20913
20914
20926
20928
20930
20932
20933
20934
20937
20939
20943
20944
20948
20955
20961
20963
20964
20965
20967
20971
20972
20973
20975
20977
20979
20998
20999
21001
21004
21005
21008
21011
21017
21019
21024
21026
21027
21030
21036
21040
21045
21052
21054
21055
21058
21061
21062
21063
21071
21074
21075
21077
21080
21081
21084
21087
21097
21098
21108
21112
21113
21114
21117
21120
21121
21123
21126
21128
21133
21142
21145
21146
21149
21151
21156
21159
21160
21161
21168
21169
21171
21173
21174
21175
21176
21179
21188
21189
21190
21195
21197
21199
21201
21202
21204
21205
21207
21211
21212
21217
21219
21222
21231
21232
21234
21238
21239
21240
21241
21244
21251
21253
21256
21266
21268
21269
21270
21273
21274
21275
21281
21283
21289
21292
21293
21303
21304
21305
21306
21309
21310
21313
21314
21317
21319
21320
21322
21324
21326
21327
21329
21331
21332
21337
21340
21345
21349
21350
21352
21356
21359
21361
21362
21363
21370
21372
21380
21382
21392
21394
21398
21403
21404
21411
21412
21415
21417
21419
21421
21428
21431
21432
21433
21437
21445
21446
21451
21453
21462
21463
21467
21477
21480
21483
21484
21485
21486
21488
21489
21491
21493
21494
21497
21499
21505
21507
21511
21513
21513
21514
21522
21525
21528
21533
21540
21542
21544
21546
21547
21548
21552
21553
21556
21557
21558
21559
21561
21563
21565
21572
21576
21577
21583
21588
21591
21593
21597
21598
21600
21603
21618
21619
21620
21623
21631
21635
21638
21639
21647
21648
21650
21653
21654
21656
21658
21661
21664
21665
21667
21667
21668
21671
21676
21678
21679
21683
21686
21695
21697
21699
21705
21709
21711
21718
21721
21724
21729
21734
21735
21736
21738
21744
21745
21748
21750
21752
21753
21757
21762
21763
21764
21765
21769
21770
21771
21780
21781
21785
21790
21808
21816
21817
21824
21825
21830
21836
21837
21843
21849
21859
21862
21865
21867
21872
21875
21880
21882
21885
21886
21888
21889
21891
21893
21901
21907
21912
21913
21914
21915
21916
21920
21922
21926
21929
21930
21932
21934
21935
21936
21942
21943
21950
21952
21954
21959
21961
21962
21963
21964
21966
21968
21971
21977
21978
21985
21993
21994
22004
22007
22010
22012
22015
22019
22020
22021
22022
22024
22025
22026
22027
22028
22029
22030
22032
22036
22037
22040
22045
22047
22052
22057
22062
22064
22066
22067
22068
22070
22071
22072
22075
22076
22091
22092
22093
22095
22096
22099
22100
22101
22102
22104
22108
22119
22125
22127
22130
22136
22142
22155
22157
22158
22159
22160
22165
22166
22172
22183
22187
22195
22197
22198
22206
22209
22214
22217
22219
22223
22225
22229
22230
22233
22242
22243
22254
22257
22258
22261
22264
22267
22272
22273
22274
22278
22284
22285
22287
22288
22294
22295
22300
22303
22306
22310
22311
22312
22314
22323
22329
22331
22332
22334
22334
22336
22340
22344
22348
22354
22356
22357
22360
22361
22368
22375
22386
22387
22393
22394
22396
22399
22403
22407
22408
22417
22422
22424
22428
22431
22438
22442
22444
22452
22453
22463
22466
22468
22471
22473
22475
22477
22488
22489
22492
22494
22497
22501
22503
22506
22508
22515
22516
22517
22519
22530
22531
22532
22535
22537
22538
22539
22540
22545
22551
22557
22560
22562
22563
22567
22568
22570
22571
22573
22578
22580
22584
22586
22587
22595
22599
22604
22607
22611
22613
22614
22618
22621
22625
22629
22633
22635
22637
22639
22646
22648
22668
22672
22675
22678
22690
22691
22695
22699
22702
22703
22708
22712
22714
22717
22722
22724
22726
22727
22731
22732
22734
22735
22741
22742
22744
22748
22749
22753
22754
22755
22772
22773
22774
22782
22783
22785
22795
22796
22807
22808
22812
22816
22821
22824
22825
22829
22830
22832
22834
22845
22847
22851
22852
22854
22857
22858
22860
22860
22865
22866
22868
22877
22881
22895
22905
22907
22911
22912
22913
22914
22924
22927
22932
22937
22938
22940
22942
22950
22952
22955
22959
22961
22962
22965
22971
22972
22976
22978
22979
22981
22982
22983
22986
22990
22992
22997
23009
23010
23011
23018
23025
23029
23035
23039
23040
23044
23046
23048
23050
23056
23060
23067
23070
23074
23080
23084
23096
23099
23106
23107
23111
23116
23117
23121
23122
23125
23126
23127
23128
23132
23133
23134
23135
23137
23138
23139
23141
23144
23147
23148
23149
23154
23155
23158
23160
23163
23164
23165
23168
23169
23170
23172
23176
23177
23178
23181
23183
23188
23192
23194
23197
23201
23206
23209
23213
23218
23221
23228
23232
23234
23235
23243
23245
23249
23249
23250
23254
23255
23256
23257
23261
23262
23266
23268
23272
23274
23278
23283
23285
23287
23291
23293
23294
23295
23298
23299
23302
23304
23309
23310
23311
23312
23314
23315
23317
23324
23325
23330
23336
23337
23340
23346
23347
23348
23356
23359
23363
23365
23369
23371
23373
23376
23378
23381
23382
23383
23385
23386
23387
23391
23401
23408
23409
23413
23419
23420
23423
23425
23426
23427
23428
23438
23439
23441
23443
23448
23451
23454
23466
23467
23468
23469
23470
23471
23472
23473
23474
23477
23478
23479
23480
23485
23487
23489
23495
23499
23500
23503
23506
23509
23511
23514
23515
23518
23522
23529
23532
23535
23538
23539
23540
23544
23549
23552
23557
23561
23573
23576
23578
23580
23582
23594
23595
23603
23616
23620
23622
23626
23629
23631
23632
23633
23637
23641
23642
23646
23650
23651
23659
23664
23665
23668
23670
23683
23687
23688
23692
23695
23696
23698
23700
23704
23705
23706
23710
23719
23725
23732
23733
23742
23743
23750
23752
23753
23755
23756
23766
23772
23773
23778
23787
23795
23798
23802
23808
23811
23815
23819
23822
23827
23833
23835
23835
23839
23845
23852
23854
23857
23858
23860
23863
23867
23868
23869
23878
23880
23883
23886
23887
23896
23899
23900
23903
23905
23909
23911
23916
23920
23922
23926
23927
23928
23929
23933
23940
23941
23941
23942
23943
23944
23950
23956
23959
23964
23965
23968
23969
23970
23971
23972
23973
23974
23979
23981
23988
23998
23999
24001
24003
24004
24006
24010
24012
24015
24017
24018
24020
24025
24026
24035
24038
24041
24042
24043
24044
24047
24051
24056
24058
24059
24060
24061
24064
24065
24065
24067
24068
24080
24087
24093
24098
24102
24103
24106
24108
24112
24118
24121
24128
24131
24133
24135
24137
24141
24142
24145
24149
24150
24151
24154
24158
24164
24165
24167
24168
24176
24181
24185
24191
24193
24194
24201
24209
24212
24215
24220
24221
24223
24228
24233
24251
24257
24261
24266
24269
24270
24272
24273
24276
24281
24283
24285
24296
24297
24298
24299
24302
24303
24308
24308
24311
24313
24317
24321
24324
24325
24327
24331
24338
24341
24343
24345
24350
24355
24356
24358
24363
24364
24371
24372
24376
24378
24380
24385
24387
24389
24394
24397
24411
24415
24416
24419
24420
24423
24426
24427
24429
24433
24436
24441
24443
24448
24449
24452
24453
24457
24460
24467
24469
24471
24475
24477
24483
24484
24488
24489
24490
24495
24498
24502
24504
24506
24508
24514
24515
24523
24524
24528
24536
24540
24541
24543
24548
24549
24550
24551
24552
24554
24555
24556
24559
24560
24563
24565
24571
24571
24572
24577
24578
24582
24583
24585
24593
24594
24597
24600
24603
24607
24609
24609
24614
24617
24618
24622
24625
24627
24630
24631
24634
24637
24638
24641
24642
24645
24647
24649
24650
24651
24653
24654
24656
24658
24659
24661
24662
24663
24673
24675
24680
24682
24685
24686
24690
24692
24695
24696
24698
24701
24704
24705
24723
24725
24730
24732
24737
24739
24743
24746
24750
24751
24758
24760
24766
24766
24767
24768
24776
24779
24783
24790
24791
24793
24797
24798
24800
24805
24806
24807
24812
24813
24815
24817
24824
24826
24828
24831
24832
24834
24838
24841
24853
24862
24868
24870
24871
24883
24885
24886
24892
24894
24903
24906
24921
24922
24926
24927
24929
24931
24933
24936
24946
24956
24968
24977
24979
24980
24986
24991
24996
24998
25000
25002
25003
25008
25013
25014
25016
25018
25021
25026
25033
25034
25036
25041
25043
25048
25049
25057
25060
25061
25062
25064
25077
25079
25083
25085
25087
25090
25092
25097
25100
25101
25102
25106
25112
25116
25119
25120
25130
25131
25134
25136
25137
25137
25143
25147
25149
25150
25155
25156
25158
25159
25165
25169
25170
25171
25174
25176
25178
25179
25181
25182
25187
25192
25194
25197
25204
25208
25209
25219
25222
25223
25227
25228
25229
25232
25234
25237
25238
25239
25240
25242
25243
25244
25246
25246
25251
25255
25265
25268
25269
25270
25271
25277
25281
25285
25287
25296
25297
25300
25304
25305
25306
25313
25323
25336
25343
25347
25348
25351
25353
25357
25359
25363
25370
25372
25374
25376
25377
25382
25383
25383
25389
25390
25391
25396
25399
25400
25405
25406
25407
25412
25421
25422
25424
25431
25445
25448
25450
25451
25458
25462
25463
25469
25472
25476
25477
25479
25483
25485
25486
25488
25490
25492
25492
25498
25503
25506
25509
25514
25515
25521
25525
25530
25532
25537
25542
25543
25546
25547
25549
25553
25555
25558
25565
25565
25571
25572
25573
25576
25577
25583
25586
25587
25588
25593
25597
25601
25613
25617
25618
25619
25622
25624
25628
25631
25632
25634
25638
25641
25644
25646
25651
25652
25656
25658
25660
25667
25668
25671
25673
25678
25681
25684
25689
25691
25704
25708
25713
25715
25718
25720
25723
25724
25726
25730
25733
25737
25738
25739
25743
25752
25754
25756
25763
25764
25767
25778
25778
25780
25781
25782
25783
25784
25791
25802
25806
25810
25812
25813
25814
25816
25818
25820
25822
25827
25833
25839
25840
25844
25846
25848
25850
25855
25856
25858
25859
25862
25863
25866
25867
25868
25872
25873
25875
25878
25879
25880
25882
25889
25893
25905
25916
25923
25927
25936
25937
25941
25943
25955
25956
25957
25958
25961
25966
25972
25978
25982
25990
25994
25997
26006
26011
26021
26022
26023
26024
26025
26031
26038
26044
26049
26051
26052
26053
26062
26066
26069
26070
26071
26078
26079
26082
26086
26090
26091
26095
26097
26118
26121
26128
26129
26130
26140
26141
26142
26144
26145
26148
26149
26149
26150
26151
26152
26155
26156
26169
26170
26180
26181
26182
26183
26188
26191
26192
26195
26196
26197
26198
26204
26206
26207
26209
26211
26214
26216
26225
26226
26231
26234
26238
26241
26246
26248
26253
26255
26261
26265
26267
26268
26274
26289
26292
26293
26295
26300
26304
26305
26311
26318
26327
26328
26330
26331
26332
26339
26340
26342
26344
26348
26353
26358
26364
26370
26376
26381
26382
26383
26384
26395
26401
26402
26405
26406
26414
26421
26422
26427
26435
26436
26451
26455
26457
26460
26461
26462
26463
26464
26472
26473
26475
26481
26487
26488
26490
26490
26491
26495
26508
26515
26518
26530
26531
26535
26538
26539
26540
26545
26546
26546
26550
26553
26555
26557
26560
26571
26578
26583
26584
26589
26603
26605
26609
26611
26623
26624
26635
26637
26645
26647
26651
26654
26658
26664
26668
26670
26672
26673
26674
26677
26681
26684
26686
26703
26704
26714
26719
26723
26724
26726
26729
26730
26730
26732
26736
26738
26739
26741
26743
26744
26745
26749
26751
26753
26755
26757
26758
26770
26772
26775
26778
26779
26781
26784
26787
26788
26801
26814
26815
26816
26817
26819
26827
26832
26839
26839
26843
26844
26856
26859
26861
26862
26868
26875
26882
26889
26893
26895
26898
26901
26902
26903
26908
26909
26913
26914
26922
26924
26926
26927
26931
26932
26933
26934
26935
26937
26942
26947
26948
26949
26957
26958
26959
26961
26966
26970
26971
26973
26978
26979
26983
26985
26986
26987
26988
26989
26992
26993
26994
26996
26998
27000
27006
27009
27012
27013
27014
27018
27021
27024
27025
27028
27029
27030
27031
27033
27034
27042
27044
27045
27048
27049
27050
27061
27064
27065
27068
27073
27078
27083
27084
27087
27090
27091
27095
27101
27103
27104
27111
27112
27124
27127
27128
27131
27139
27140
27141
27151
27152
27154
27163
27164
27171
27173
27180
27181
27187
27189
27193
27194
27205
27210
27211
27213
27219
27220
27222
27224
27228
27230
27231
27232
27233
27238
27241
27247
27250
27257
27259
27272
27277
27278
27280
27281
27285
27286
27288
27288
27291
27298
27300
27304
27305
27306
27308
27310
27313
27314
27317
27321
27324
27325
27327
27328
27334
27336
27337
27338
27342
27352
27367
27368
27373
27377
27380
27387
27389
27394
27396
27401
27406
27407
27409
27412
27413
27423
27425
27429
27430
27441
27450
27451
27456
27464
27465
27467
27470
27471
27472
27474
27490
27496
27498
27500
27503
27507
27509
27511
27514
27515
27517
27518
27519
27525
27527
27528
27534
27543
27550
27551
27555
27558
27560
27561
27563
27569
27576
27587
27595
27599
27600
27608
27612
27614
27617
27622
27623
27625
27625
27629
27634
27644
27647
27649
27657
27661
27664
27670
27678
27680
27684
27684
27686
27688
27689
27692
27697
27699
27700
27702
27703
27707
27711
27712
27721
27731
27733
27734
27736
27739
27743
27747
27749
27750
27766
27767
27770
27773
27775
27778
27783
27787
27788
27792
27797
27799
27804
27806
27808
27809
27810
27811
27813
27814
27815
27816
27819
27821
27826
27826
27828
27833
27839
27844
27848
27849
27854
27858
27859
27863
27868
27871
27872
27873
27874
27878
27883
27885
27886
27887
27890
27894
27902
27903
27912
27921
27922
27923
27926
27928
27930
27939
27940
27941
27946
27948
27953
27954
27955
27957
27959
27967
27972
27975
27976
27981
27982
27984
27987
27989
27990
27991
27997
28011
28014
28024
28026
28027
28028
28033
28036
28037
28040
28041
28043
28045
28046
28047
28049
28050
28057
28059
28061
28065
28068
28069
28070
28073
28074
28075
28085
28093
28094
28097
28098
28102
28106
28109
28119
28120
28126
28127
28130
28139
28140
28141
28145
28148
28150
28156
28160
28165
28166
28167
28170
28173
28177
28182
28183
28184
28187
28190
28199
28202
28204
28205
28208
28216
28223
28226
28228
28231
28233
28234
28239
28240
28245
28250
28262
28264
28267
28268
28270
28272
28277
28278
28282
28283
28289
28295
28299
28301
28301
28310
28315
28316
28318
28325
28326
28327
28329
28339
28344
28347
28349
28349
28353
28354
28371
28377
28379
28381
28383
28384
28385
28386
28396
28396
28397
28398
28402
28404
28409
28412
28413
28415
28424
28425
28426
28427
28431
28435
28437
28442
28445
28447
28452
28453
28454
28456
28460
28462
28465
28476
28478
28480
28482
28482
28483
28484
28487
28489
28497
28502
28507
28508
28509
28510
28517
28518
28519
28521
28527
28529
28531
28533
28536
28537
28539
28543
28544
28550
28552
28559
28562
28564
28565
28570
28575
28581
28584
28588
28589
28593
28606
28607
28610
28616
28617
28624
28625
28633
28636
28639
28640
28645
28646
28648
28650
28651
28659
28662
28664
28665
28668
28671
28678
28680
28682
28685
28688
28691
28696
28698
28699
28702
28705
28709
28717
28722
28727
28730
28731
28732
28733
28742
28743
28745
28746
28749
28751
28752
28753
28754
28757
28758
28759
28761
28763
28769
28771
28775
28778
28779
28780
28783
28787
28793
28794
28797
28797
28798
28806
28809
28814
28816
28818
28819
28822
28824
28827
28829
28831
28833
28835
28836
28840
28842
28842
28844
28844
28857
28861
28869
28874
28875
28876
28879
28883
28883
28885
28895
28898
28902
28903
28904
28904
28907
28919
28920
28922
28926
28933
28936
28937
28942
28945
28949
28950
28954
28957
28964
28970
28975
28976
28980
28987
28990
28995
29000
29001
29002
29003
29004
29006
29011
29014
29015
29020
29023
29026
29031
29034
29035
29038
29043
29049
29052
29054
29059
29060
29061
29065
29071
29077
29080
29084
29085
29091
29095
29098
29106
29107
29110
29115
29122
29124
29127
29128
29130
29134
29135
29138
29140
29141
29142
29145
29159
29166
29167
29174
29184
29189
29191
29195
29203
29204
29208
29215
29219
29227
29230
29233
29233
29234
29235
29237
29238
29241
29241
29246
29254
29258
29261
29262
29263
29280
29281
29284
29289
29290
29296
29298
29301
29306
29310
29311
29314
29325
29327
29328
29331
29338
29340
29347
29348
29350
29355
29356
29360
29362
29366
29372
29376
29386
29390
29391
29393
29394
29395
29399
29405
29406
29410
29415
29416
29418
29419
29421
29423
29424
29426
29428
29432
29437
29440
29443
29445
29446
29448
29450
29458
29463
29465
29471
29472
29473
29474
29475
29478
29480
29481
29484
29488
29490
29491
29491
29494
29495
29497
29497
29508
29510
29511
29514
29519
29519
29523
29534
29537
29539
29541
29556
29557
29560
29561
29561
29576
29581
29582
29584
29586
29587
29595
29597
29602
29603
29604
29607
29610
29617
29618
29621
29627
29629
29630
29633
29634
29642
29644
29648
29655
29657
29660
29662
29665
29670
29671
29674
29677
29683
29686
29687
29689
29695
29697
29699
29705
29705
29706
29707
29708
29713
29716
29721
29734
29737
29740
29742
29752
29757
29764
29771
29779
29780
29783
29784
29786
29792
29793
29798
29799
29803
29806
29808
29809
29810
29811
29816
29817
29818
29819
29821
29823
29830
29835
29841
29843
29845
29846
29852
29853
29859
29860
29862
29866
29872
29883
29884
29886
29887
29897
29900
29904
29907
29918
29922
29924
29929
29930
29933
29934
29935
29936
29938
29943
29944
29946
29947
29948
29950
29950
29951
29952
29953
29954
29955
29957
29958
29966
29967
29971
29972
29974
29975
29976
29978
29981
29982
29985
29987
29988
29988
29996
29999
30001
30007
30008
30010
30015
30019
30024
30026
30029
30034
30037
30038
30043
30045
30046
30051
30053
30058
30068
30071
30076
30077
30078
30081
30083
30087
30091
30095
30098
30101
30104
30106
30108
30112
30114
30116
30123
30124
30127
30131
30134
30137
30139
30140
30142
30150
30153
30157
30159
30159
30160
30161
30164
30169
30174
30178
30187
30190
30192
30194
30197
30199
30204
30205
30208
30209
30212
30221
30226
30231
30233
30234
30238
30239
30242
30246
30246
30248
30254
30256
30258
30260
30263
30265
30267
30269
30279
30282
30283
30285
30286
30287
30289
30290
30292
30295
30296
30297
30301
30303
30306
30308
30309
30310
30312
30318
30320
30322
30323
30332
30336
30337
30338
30340
30342
30349
30355
30358
30359
30376
30380
30388
30389
30391
30392
30394
30399
30400
30403
30405
30407
30409
30410
30411
30411
30418
30424
30425
30426
30427
30431
30432
30436
30437
30443
30444
30446
30452
30459
30472
30474
30475
30479
30483
30485
30486
30488
30490
30495
30501
30502
30505
30509
30513
30514
30516
30520
30523
30527
30529
30530
30532
30533
30535
30537
30539
30540
30543
30544
30547
30548
30551
30553
30556
30561
30572
30573
30578
30579
30581
30581
30586
30587
30590
30591
30594
30597
30601
30603
30609
30610
30622
30625
30632
30638
30643
30644
30649
30650
30652
30654
30658
30659
30662
30664
30676
30677
30680
30681
30687
30690
30692
30696
30697
30705
30707
30713
30714
30715
30716
30717
30722
30727
30729
30733
30736
30741
30745
30748
30755
30761
30763
30764
30765
30773
30774
30776
30778
30782
30789
30790
30791
30801
30802
30803
30805
30806
30814
30824
30826
30828
30830
30833
30837
30839
30848
30852
30852
30854
30854
30859
30862
30863
30868
30883
30885
30887
30889
30890
30902
30907
30911
30914
30919
30921
30931
30932
30935
30939
30942
30945
30945
30955
30956
30959
30961
30964
30967
30971
30974
30976
30995
30999
31002
31007
31010
31013
31017
31022
31024
31027
31028
31030
31036
31037
31040
31040
31048
31049
31057
31060
31063
31066
31071
31078
31080
31084
31085
31089
31090
31091
31093
31094
31097
31098
31104
31109
31113
31114
31118
31124
31125
31126
31130
31132
31134
31138
31139
31140
31142
31144
31147
31150
31155
31162
31164
31166
31167
31168
31170
31174
31176
31177
31178
31183
31185
31186
31192
31193
31199
31203
31205
31208
31214
31215
31217
31218
31223
31225
31226
31235
31237
31245
31246
31251
31252
31253
31255
31257
31259
31263
31265
31267
31269
31273
31277
31278
31281
31285
31287
31288
31293
31298
31299
31302
31304
31305
31308
31310
31312
31324
31325
31326
31329
31332
31333
31337
31341
31343
31345
31347
31357
31358
31365
31371
31382
31391
31392
31394
31396
31404
31405
31406
31408
31421
31429
31430
31439
31441
31442
31443
31444
31445
31447
31451
31454
31456
31463
31466
31469
31470
31476
31478
31479
31482
31484
31491
31495
31497
31498
31500
31506
31513
31516
31519
31520
31521
31525
31534
31540
31541
31542
31548
31549
31550
31552
31555
31559
31563
31570
31572
31573
31577
31585
31586
31587
31592
31600
31601
31603
31604
31605
31607
31608
31608
31614
31626
31629
31637
31638
31643
31644
31648
31649
31649
31650
31651
31652
31654
31659
31660
31663
31667
31669
31677
31680
31681
31686
31687
31689
31692
31695
31697
31698
31700
31703
31710
31712
31715
31717
31718
31721
31727
31730
31734
31736
31742
31743
31744
31748
31749
31751
31753
31754
31758
31761
31762
31765
31772
31773
31774
31775
31776
31778
31783
31786
31788
31790
31795
31802
31803
31805
31806
31807
31809
31814
31816
31818
31820
31826
31838
31839
31841
31844
31845
31849
31855
31856
31857
31858
31862
31863
31865
31866
31869
31871
31872
31878
31879
31880
31887
31890
31892
31895
31896
31898
31899
31906
31907
31913
31916
31922
31924
31928
31932
31936
31939
31942
31945
31946
31947
31948
31950
31951
31961
31964
31970
31973
31975
31981
31990
31994
31996
31998
32000
32003
32006
32008
32012
32012
32024
32025
32034
32035
32040
32041
32042
32055
32056
32060
32068
32069
32070
32076
32077
32085
32087
32090
32091
32093
32096
32102
32108
32109
32116
32123
32125
32132
32134
32144
32146
32150
32152
32153
32156
32158
32167
32168
32171
32177
32182
32196
32197
32198
32201
32208
32210
32213
32214
32216
32218
32227
32229
32229
32231
32233
32240
32241
32242
32246
32247
32248
32249
32252
32254
32257
32260
32261
32265
32269
32270
32275
32279
32280
32281
32294
32308
32309
32315
32317
32323
32331
32334
32342
32345
32347
32350
32351
32352
32354
32356
32357
32363
32365
32370
32381
32384
32386
32388
32389
32392
32398
32402
32403
32406
32408
32411
32415
32416
32419
32422
32427
32430
32431
32436
32441
32442
32451
32457
32460
32462
32463
32464
32467
32469
32476
32478
32482
32483
32488
32495
32498
32499
32501
32505
32507
32508
32514
32525
32528
32535
32541
32542
32545
32558
32561
32562
32564
32567
32569
32570
32581
32582
32582
32586
32590
32594
32598
32603
32605
32608
32614
32618
32620
32622
32623
32630
32634
32636
32643
32644
32645
32646
32647
32653
32659
32661
32670
32670
32671
32673
32675
32679
32684
32685
32686
32687
32696
32698
32700
32703
32706
32708
32713
32715
32718
32722
32725
32726
32727
32730
32732
32741
32751
32756
32765
